This file contains any messages produced by compilers while
running configure, to aid debugging if configure makes a mistake.

It was created by hamsterdb configure 1.1.4, which was
generated by GNU Autoconf 2.64.  Invocation command line was

  $ ./configure 

## --------- ##
## Platform. ##
## --------- ##

hostname = server
uname -m = x86_64
uname -r = 2.6.32-30-generic
uname -s = Linux
uname -v = #59-Ubuntu SMP Tue Mar 1 21:30:46 UTC 2011

/usr/bin/uname -p = unknown
/bin/uname -X     = unknown

/bin/arch              = unknown
/usr/bin/arch -k       = unknown
/usr/convex/getsysinfo = unknown
/usr/bin/hostinfo      = unknown
/bin/machine           = unknown
/usr/bin/oslevel       = unknown
/bin/universe          = unknown

PATH: /home/miyabi/bin
PATH: /home/miyabi/bin
PATH: /usr/local/sbin
PATH: /usr/local/bin
PATH: /usr/sbin
PATH: /usr/bin
PATH: /sbin
PATH: /bin
PATH: /usr/games


## ----------- ##
## Core tests. ##
## ----------- ##

configure:2547: checking for a BSD-compatible install
configure:2615: result: /usr/bin/install -c
configure:2626: checking whether build environment is sane
configure:2676: result: yes
configure:2817: checking for a thread-safe mkdir -p
configure:2856: result: /bin/mkdir -p
configure:2869: checking for gawk
configure:2885: found /usr/bin/gawk
configure:2896: result: gawk
configure:2907: checking whether make sets $(MAKE)
configure:2929: result: yes
configure:3061: checking for gcc
configure:3077: found /usr/bin/gcc
configure:3088: result: gcc
configure:3317: checking for C compiler version
configure:3326: gcc --version >&5
gcc (Ubuntu 4.4.3-4ubuntu5) 4.4.3
Copyright (C) 2009 Free Software Foundation, Inc.
This is free software; see the source for copying conditions.  There is NO
warranty; not even for MERCHANTABILITY or FITNESS FOR A PARTICULAR PURPOSE.

configure:3337: $? = 0
configure:3326: gcc -v >&5
Using built-in specs.
Target: x86_64-linux-gnu
Configured with: ../src/configure -v --with-pkgversion='Ubuntu 4.4.3-4ubuntu5' --with-bugurl=file:///usr/share/doc/gcc-4.4/README.Bugs --enable-languages=c,c++,fortran,objc,obj-c++ --prefix=/usr --enable-shared --enable-multiarch --enable-linker-build-id --with-system-zlib --libexecdir=/usr/lib --without-included-gettext --enable-threads=posix --with-gxx-include-dir=/usr/include/c++/4.4 --program-suffix=-4.4 --enable-nls --enable-clocale=gnu --enable-libstdcxx-debug --enable-plugin --enable-objc-gc --disable-werror --with-arch-32=i486 --with-tune=generic --enable-checking=release --build=x86_64-linux-gnu --host=x86_64-linux-gnu --target=x86_64-linux-gnu
Thread model: posix
gcc version 4.4.3 (Ubuntu 4.4.3-4ubuntu5) 
configure:3337: $? = 0
configure:3326: gcc -V >&5
gcc: '-V' option must have argument
configure:3337: $? = 1
configure:3326: gcc -qversion >&5
gcc: unrecognized option '-qversion'
gcc: no input files
configure:3337: $? = 1
configure:3359: checking for C compiler default output file name
configure:3381: gcc    conftest.c  >&5
configure:3385: $? = 0
configure:3422: result: a.out
configure:3438: checking whether the C compiler works
configure:3447: ./a.out
configure:3451: $? = 0
configure:3466: result: yes
configure:3473: checking whether we are cross compiling
configure:3475: result: no
configure:3478: checking for suffix of executables
configure:3485: gcc -o conftest    conftest.c  >&5
configure:3489: $? = 0
configure:3511: result: 
configure:3517: checking for suffix of object files
configure:3539: gcc -c   conftest.c >&5
configure:3543: $? = 0
configure:3564: result: o
configure:3568: checking whether we are using the GNU C compiler
configure:3587: gcc -c   conftest.c >&5
configure:3587: $? = 0
configure:3596: result: yes
configure:3605: checking whether gcc accepts -g
configure:3625: gcc -c -g  conftest.c >&5
configure:3625: $? = 0
configure:3666: result: yes
configure:3683: checking for gcc option to accept ISO C89
configure:3747: gcc  -c -g -O2  conftest.c >&5
configure:3747: $? = 0
configure:3760: result: none needed
configure:3791: checking for style of include used by make
configure:3819: result: GNU
configure:3844: checking dependency style of gcc
configure:3954: result: gcc3
configure:4027: checking for g++
configure:4043: found /usr/bin/g++
configure:4054: result: g++
configure:4081: checking for C++ compiler version
configure:4090: g++ --version >&5
g++ (Ubuntu 4.4.3-4ubuntu5) 4.4.3
Copyright (C) 2009 Free Software Foundation, Inc.
This is free software; see the source for copying conditions.  There is NO
warranty; not even for MERCHANTABILITY or FITNESS FOR A PARTICULAR PURPOSE.

configure:4101: $? = 0
configure:4090: g++ -v >&5
Using built-in specs.
Target: x86_64-linux-gnu
Configured with: ../src/configure -v --with-pkgversion='Ubuntu 4.4.3-4ubuntu5' --with-bugurl=file:///usr/share/doc/gcc-4.4/README.Bugs --enable-languages=c,c++,fortran,objc,obj-c++ --prefix=/usr --enable-shared --enable-multiarch --enable-linker-build-id --with-system-zlib --libexecdir=/usr/lib --without-included-gettext --enable-threads=posix --with-gxx-include-dir=/usr/include/c++/4.4 --program-suffix=-4.4 --enable-nls --enable-clocale=gnu --enable-libstdcxx-debug --enable-plugin --enable-objc-gc --disable-werror --with-arch-32=i486 --with-tune=generic --enable-checking=release --build=x86_64-linux-gnu --host=x86_64-linux-gnu --target=x86_64-linux-gnu
Thread model: posix
gcc version 4.4.3 (Ubuntu 4.4.3-4ubuntu5) 
configure:4101: $? = 0
configure:4090: g++ -V >&5
g++: '-V' option must have argument
configure:4101: $? = 1
configure:4090: g++ -qversion >&5
g++: unrecognized option '-qversion'
g++: no input files
configure:4101: $? = 1
configure:4105: checking whether we are using the GNU C++ compiler
configure:4124: g++ -c   conftest.cpp >&5
configure:4124: $? = 0
configure:4133: result: yes
configure:4142: checking whether g++ accepts -g
configure:4162: g++ -c -g  conftest.cpp >&5
configure:4162: $? = 0
configure:4203: result: yes
configure:4228: checking dependency style of g++
configure:4338: result: gcc3
configure:4396: checking for ranlib
configure:4412: found /usr/bin/ranlib
configure:4423: result: ranlib
configure:4449: checking build system type
configure:4463: result: x86_64-unknown-linux-gnu
configure:4483: checking host system type
configure:4496: result: x86_64-unknown-linux-gnu
configure:4844: checking for a sed that does not truncate output
configure:4908: result: /bin/sed
configure:4926: checking for grep that handles long lines and -e
configure:4984: result: /bin/grep
configure:4989: checking for egrep
configure:5051: result: /bin/grep -E
configure:5056: checking for fgrep
configure:5118: result: /bin/grep -F
configure:5153: checking for ld used by gcc
configure:5220: result: /usr/bin/ld
configure:5227: checking if the linker (/usr/bin/ld) is GNU ld
configure:5242: result: yes
configure:5254: checking for BSD- or MS-compatible name lister (nm)
configure:5303: result: /usr/bin/nm -B
configure:5421: checking the name lister (/usr/bin/nm -B) interface
configure:5428: gcc -c -g -O2  conftest.c >&5
configure:5431: /usr/bin/nm -B "conftest.o"
configure:5434: output
0000000000000000 B some_variable
configure:5441: result: BSD nm
configure:5444: checking whether ln -s works
configure:5448: result: yes
configure:5456: checking the maximum length of command line arguments
configure:5576: result: 1572864
configure:5593: checking whether the shell understands some XSI constructs
configure:5603: result: yes
configure:5607: checking whether the shell understands "+="
configure:5613: result: yes
configure:5648: checking for /usr/bin/ld option to reload object files
configure:5655: result: -r
configure:5724: checking for objdump
configure:5751: result: objdump
configure:5780: checking how to recognize dependent libraries
configure:5976: result: pass_all
configure:6036: checking for ar
configure:6052: found /usr/bin/ar
configure:6063: result: ar
configure:6141: checking for strip
configure:6157: found /usr/bin/strip
configure:6168: result: strip
configure:6240: checking for ranlib
configure:6267: result: ranlib
configure:6357: checking command to parse /usr/bin/nm -B output from gcc object
configure:6475: gcc -c -g -O2  conftest.c >&5
configure:6478: $? = 0
configure:6482: /usr/bin/nm -B conftest.o \| sed -n -e 's/^.*[	 ]\([ABCDGIRSTW][ABCDGIRSTW]*\)[	 ][	 ]*\([_A-Za-z][_A-Za-z0-9]*\)$/\1 \2 \2/p' \> conftest.nm
configure:6485: $? = 0
configure:6539: gcc -o conftest -g -O2   conftest.c conftstm.o >&5
configure:6542: $? = 0
configure:6580: result: ok
configure:6676: gcc -c -g -O2  conftest.c >&5
configure:6679: $? = 0
configure:7389: checking how to run the C preprocessor
configure:7420: gcc -E  conftest.c
configure:7420: $? = 0
configure:7434: gcc -E  conftest.c
conftest.c:11:28: error: ac_nonexistent.h: No such file or directory
configure:7434: $? = 1
configure: failed program was:
| /* confdefs.h */
| #define PACKAGE_NAME "hamsterdb"
| #define PACKAGE_TARNAME "hamsterdb"
| #define PACKAGE_VERSION "1.1.4"
| #define PACKAGE_STRING "hamsterdb 1.1.4"
| #define PACKAGE_BUGREPORT ""
| #define PACKAGE_URL ""
| #define PACKAGE "hamsterdb"
| #define VERSION "1.1.4"
| /* end confdefs.h.  */
| #include <ac_nonexistent.h>
configure:7459: result: gcc -E
configure:7479: gcc -E  conftest.c
configure:7479: $? = 0
configure:7493: gcc -E  conftest.c
conftest.c:11:28: error: ac_nonexistent.h: No such file or directory
configure:7493: $? = 1
configure: failed program was:
| /* confdefs.h */
| #define PACKAGE_NAME "hamsterdb"
| #define PACKAGE_TARNAME "hamsterdb"
| #define PACKAGE_VERSION "1.1.4"
| #define PACKAGE_STRING "hamsterdb 1.1.4"
| #define PACKAGE_BUGREPORT ""
| #define PACKAGE_URL ""
| #define PACKAGE "hamsterdb"
| #define VERSION "1.1.4"
| /* end confdefs.h.  */
| #include <ac_nonexistent.h>
configure:7522: checking for ANSI C header files
configure:7542: gcc -c -g -O2  conftest.c >&5
configure:7542: $? = 0
configure:7615: gcc -o conftest -g -O2   conftest.c  >&5
configure:7615: $? = 0
configure:7615: ./conftest
configure:7615: $? = 0
configure:7626: result: yes
configure:7639: checking for sys/types.h
configure:7639: gcc -c -g -O2  conftest.c >&5
configure:7639: $? = 0
configure:7639: result: yes
configure:7639: checking for sys/stat.h
configure:7639: gcc -c -g -O2  conftest.c >&5
configure:7639: $? = 0
configure:7639: result: yes
configure:7639: checking for stdlib.h
configure:7639: gcc -c -g -O2  conftest.c >&5
configure:7639: $? = 0
configure:7639: result: yes
configure:7639: checking for string.h
configure:7639: gcc -c -g -O2  conftest.c >&5
configure:7639: $? = 0
configure:7639: result: yes
configure:7639: checking for memory.h
configure:7639: gcc -c -g -O2  conftest.c >&5
configure:7639: $? = 0
configure:7639: result: yes
configure:7639: checking for strings.h
configure:7639: gcc -c -g -O2  conftest.c >&5
configure:7639: $? = 0
configure:7639: result: yes
configure:7639: checking for inttypes.h
configure:7639: gcc -c -g -O2  conftest.c >&5
configure:7639: $? = 0
configure:7639: result: yes
configure:7639: checking for stdint.h
configure:7639: gcc -c -g -O2  conftest.c >&5
configure:7639: $? = 0
configure:7639: result: yes
configure:7639: checking for unistd.h
configure:7639: gcc -c -g -O2  conftest.c >&5
configure:7639: $? = 0
configure:7639: result: yes
configure:7654: checking for dlfcn.h
configure:7654: gcc -c -g -O2  conftest.c >&5
configure:7654: $? = 0
configure:7654: result: yes
configure:7779: checking for C++ compiler version
configure:7788: g++ --version >&5
g++ (Ubuntu 4.4.3-4ubuntu5) 4.4.3
Copyright (C) 2009 Free Software Foundation, Inc.
This is free software; see the source for copying conditions.  There is NO
warranty; not even for MERCHANTABILITY or FITNESS FOR A PARTICULAR PURPOSE.

configure:7799: $? = 0
configure:7788: g++ -v >&5
Using built-in specs.
Target: x86_64-linux-gnu
Configured with: ../src/configure -v --with-pkgversion='Ubuntu 4.4.3-4ubuntu5' --with-bugurl=file:///usr/share/doc/gcc-4.4/README.Bugs --enable-languages=c,c++,fortran,objc,obj-c++ --prefix=/usr --enable-shared --enable-multiarch --enable-linker-build-id --with-system-zlib --libexecdir=/usr/lib --without-included-gettext --enable-threads=posix --with-gxx-include-dir=/usr/include/c++/4.4 --program-suffix=-4.4 --enable-nls --enable-clocale=gnu --enable-libstdcxx-debug --enable-plugin --enable-objc-gc --disable-werror --with-arch-32=i486 --with-tune=generic --enable-checking=release --build=x86_64-linux-gnu --host=x86_64-linux-gnu --target=x86_64-linux-gnu
Thread model: posix
gcc version 4.4.3 (Ubuntu 4.4.3-4ubuntu5) 
configure:7799: $? = 0
configure:7788: g++ -V >&5
g++: '-V' option must have argument
configure:7799: $? = 1
configure:7788: g++ -qversion >&5
g++: unrecognized option '-qversion'
g++: no input files
configure:7799: $? = 1
configure:7803: checking whether we are using the GNU C++ compiler
configure:7831: result: yes
configure:7840: checking whether g++ accepts -g
configure:7901: result: yes
configure:7926: checking dependency style of g++
configure:8036: result: gcc3
configure:8059: checking how to run the C++ preprocessor
configure:8086: g++ -E  conftest.cpp
configure:8086: $? = 0
configure:8100: g++ -E  conftest.cpp
conftest.cpp:22:28: error: ac_nonexistent.h: No such file or directory
configure:8100: $? = 1
configure: failed program was:
| /* confdefs.h */
| #define PACKAGE_NAME "hamsterdb"
| #define PACKAGE_TARNAME "hamsterdb"
| #define PACKAGE_VERSION "1.1.4"
| #define PACKAGE_STRING "hamsterdb 1.1.4"
| #define PACKAGE_BUGREPORT ""
| #define PACKAGE_URL ""
| #define PACKAGE "hamsterdb"
| #define VERSION "1.1.4"
| #define STDC_HEADERS 1
| #define HAVE_SYS_TYPES_H 1
| #define HAVE_SYS_STAT_H 1
| #define HAVE_STDLIB_H 1
| #define HAVE_STRING_H 1
| #define HAVE_MEMORY_H 1
| #define HAVE_STRINGS_H 1
| #define HAVE_INTTYPES_H 1
| #define HAVE_STDINT_H 1
| #define HAVE_UNISTD_H 1
| #define HAVE_DLFCN_H 1
| /* end confdefs.h.  */
| #include <ac_nonexistent.h>
configure:8125: result: g++ -E
configure:8145: g++ -E  conftest.cpp
configure:8145: $? = 0
configure:8159: g++ -E  conftest.cpp
conftest.cpp:22:28: error: ac_nonexistent.h: No such file or directory
configure:8159: $? = 1
configure: failed program was:
| /* confdefs.h */
| #define PACKAGE_NAME "hamsterdb"
| #define PACKAGE_TARNAME "hamsterdb"
| #define PACKAGE_VERSION "1.1.4"
| #define PACKAGE_STRING "hamsterdb 1.1.4"
| #define PACKAGE_BUGREPORT ""
| #define PACKAGE_URL ""
| #define PACKAGE "hamsterdb"
| #define VERSION "1.1.4"
| #define STDC_HEADERS 1
| #define HAVE_SYS_TYPES_H 1
| #define HAVE_SYS_STAT_H 1
| #define HAVE_STDLIB_H 1
| #define HAVE_STRING_H 1
| #define HAVE_MEMORY_H 1
| #define HAVE_STRINGS_H 1
| #define HAVE_INTTYPES_H 1
| #define HAVE_STDINT_H 1
| #define HAVE_UNISTD_H 1
| #define HAVE_DLFCN_H 1
| /* end confdefs.h.  */
| #include <ac_nonexistent.h>
configure:8363: checking for objdir
configure:8378: result: .libs
configure:8670: checking if gcc supports -fno-rtti -fno-exceptions
configure:8688: gcc -c -g -O2  -fno-rtti -fno-exceptions conftest.c >&5
cc1: warning: command line option "-fno-rtti" is valid for C++/ObjC++ but not for C
configure:8692: $? = 0
configure:8705: result: no
configure:8725: checking for gcc option to produce PIC
configure:8997: result: -fPIC -DPIC
configure:9009: checking if gcc PIC flag -fPIC -DPIC works
configure:9027: gcc -c -g -O2  -fPIC -DPIC -DPIC conftest.c >&5
configure:9031: $? = 0
configure:9044: result: yes
configure:9068: checking if gcc static flag -static works
configure:9096: result: yes
configure:9111: checking if gcc supports -c -o file.o
configure:9132: gcc -c -g -O2  -o out/conftest2.o conftest.c >&5
configure:9136: $? = 0
configure:9158: result: yes
configure:9166: checking if gcc supports -c -o file.o
configure:9213: result: yes
configure:9246: checking whether the gcc linker (/usr/bin/ld -m elf_x86_64) supports shared libraries
configure:10236: result: yes
configure:10273: checking whether -lc should be explicitly linked in
configure:10278: gcc -c -g -O2  conftest.c >&5
configure:10281: $? = 0
configure:10296: gcc -shared conftest.o  -v -Wl,-soname -Wl,conftest -o conftest 2\>\&1 \| /bin/grep  -lc  \>/dev/null 2\>\&1
configure:10299: $? = 0
configure:10311: result: no
configure:10475: checking dynamic linker characteristics
configure:10908: gcc -o conftest -g -O2   -Wl,-rpath -Wl,/foo conftest.c  >&5
configure:10908: $? = 0
configure:11138: result: GNU/Linux ld.so
configure:11240: checking how to hardcode library paths into programs
configure:11265: result: immediate
configure:11785: checking whether stripping libraries is possible
configure:11790: result: yes
configure:11825: checking if libtool supports shared libraries
configure:11827: result: yes
configure:11830: checking whether to build shared libraries
configure:11851: result: yes
configure:11854: checking whether to build static libraries
configure:11858: result: yes
configure:12008: checking for ld used by g++
configure:12075: result: /usr/bin/ld -m elf_x86_64
configure:12082: checking if the linker (/usr/bin/ld -m elf_x86_64) is GNU ld
configure:12097: result: yes
configure:12152: checking whether the g++ linker (/usr/bin/ld -m elf_x86_64) supports shared libraries
configure:13065: result: yes
configure:13093: g++ -c -g -O2  conftest.cpp >&5
configure:13096: $? = 0
configure:13278: checking for g++ option to produce PIC
configure:13595: result: -fPIC -DPIC
configure:13604: checking if g++ PIC flag -fPIC -DPIC works
configure:13622: g++ -c -g -O2  -fPIC -DPIC -DPIC conftest.cpp >&5
configure:13626: $? = 0
configure:13639: result: yes
configure:13660: checking if g++ static flag -static works
configure:13688: result: yes
configure:13700: checking if g++ supports -c -o file.o
configure:13721: g++ -c -g -O2  -o out/conftest2.o conftest.cpp >&5
configure:13725: $? = 0
configure:13747: result: yes
configure:13752: checking if g++ supports -c -o file.o
configure:13799: result: yes
configure:13829: checking whether the g++ linker (/usr/bin/ld -m elf_x86_64) supports shared libraries
configure:13858: result: yes
configure:13995: checking dynamic linker characteristics
configure:14376: g++ -o conftest -g -O2   -Wl,-rpath -Wl,/foo conftest.cpp  >&5
configure:14376: $? = 0
configure:14606: result: GNU/Linux ld.so
configure:14657: checking how to hardcode library paths into programs
configure:14682: result: immediate
configure:14741: checking for ANSI C header files
configure:14845: result: yes
configure:14853: checking for an ANSI C-conforming const
configure:14918: gcc -c -g -O2  conftest.c >&5
configure:14918: $? = 0
configure:14925: result: yes
configure:14933: checking for size_t
configure:14933: gcc -c -g -O2  conftest.c >&5
configure:14933: $? = 0
configure:14933: gcc -c -g -O2  conftest.c >&5
conftest.c: In function 'main':
conftest.c:60: error: expected expression before ')' token
configure:14933: $? = 1
configure: failed program was:
| /* confdefs.h */
| #define PACKAGE_NAME "hamsterdb"
| #define PACKAGE_TARNAME "hamsterdb"
| #define PACKAGE_VERSION "1.1.4"
| #define PACKAGE_STRING "hamsterdb 1.1.4"
| #define PACKAGE_BUGREPORT ""
| #define PACKAGE_URL ""
| #define PACKAGE "hamsterdb"
| #define VERSION "1.1.4"
| #define STDC_HEADERS 1
| #define HAVE_SYS_TYPES_H 1
| #define HAVE_SYS_STAT_H 1
| #define HAVE_STDLIB_H 1
| #define HAVE_STRING_H 1
| #define HAVE_MEMORY_H 1
| #define HAVE_STRINGS_H 1
| #define HAVE_INTTYPES_H 1
| #define HAVE_STDINT_H 1
| #define HAVE_UNISTD_H 1
| #define HAVE_DLFCN_H 1
| #define LT_OBJDIR ".libs/"
| #define STDC_HEADERS 1
| /* end confdefs.h.  */
| #include <stdio.h>
| #ifdef HAVE_SYS_TYPES_H
| # include <sys/types.h>
| #endif
| #ifdef HAVE_SYS_STAT_H
| # include <sys/stat.h>
| #endif
| #ifdef STDC_HEADERS
| # include <stdlib.h>
| # include <stddef.h>
| #else
| # ifdef HAVE_STDLIB_H
| #  include <stdlib.h>
| # endif
| #endif
| #ifdef HAVE_STRING_H
| # if !defined STDC_HEADERS && defined HAVE_MEMORY_H
| #  include <memory.h>
| # endif
| # include <string.h>
| #endif
| #ifdef HAVE_STRINGS_H
| # include <strings.h>
| #endif
| #ifdef HAVE_INTTYPES_H
| # include <inttypes.h>
| #endif
| #ifdef HAVE_STDINT_H
| # include <stdint.h>
| #endif
| #ifdef HAVE_UNISTD_H
| # include <unistd.h>
| #endif
| int
| main ()
| {
| if (sizeof ((size_t)))
| 	    return 0;
|   ;
|   return 0;
| }
configure:14933: result: yes
configure:14947: checking for mmap
configure:14947: gcc -o conftest -g -O2   conftest.c  >&5
configure:14947: $? = 0
configure:14947: result: yes
configure:14947: checking for munmap
configure:14947: gcc -o conftest -g -O2   conftest.c  >&5
configure:14947: $? = 0
configure:14947: result: yes
configure:14947: checking for getpagesize
configure:14947: gcc -o conftest -g -O2   conftest.c  >&5
configure:14947: $? = 0
configure:14947: result: yes
configure:14960: checking fcntl.h usability
configure:14960: gcc -c -g -O2  conftest.c >&5
configure:14960: $? = 0
configure:14960: result: yes
configure:14960: checking fcntl.h presence
configure:14960: gcc -E  conftest.c
configure:14960: $? = 0
configure:14960: result: yes
configure:14960: checking for fcntl.h
configure:14960: result: yes
configure:14960: checking for unistd.h
configure:14960: result: yes
configure:14960: checking malloc.h usability
configure:14960: gcc -c -g -O2  conftest.c >&5
configure:14960: $? = 0
configure:14960: result: yes
configure:14960: checking malloc.h presence
configure:14960: gcc -E  conftest.c
configure:14960: $? = 0
configure:14960: result: yes
configure:14960: checking for malloc.h
configure:14960: result: yes
configure:14971: checking for off_t
configure:14971: gcc -c -g -O2  conftest.c >&5
configure:14971: $? = 0
configure:14971: gcc -c -g -O2  conftest.c >&5
conftest.c: In function 'main':
conftest.c:66: error: expected expression before ')' token
configure:14971: $? = 1
configure: failed program was:
| /* confdefs.h */
| #define PACKAGE_NAME "hamsterdb"
| #define PACKAGE_TARNAME "hamsterdb"
| #define PACKAGE_VERSION "1.1.4"
| #define PACKAGE_STRING "hamsterdb 1.1.4"
| #define PACKAGE_BUGREPORT ""
| #define PACKAGE_URL ""
| #define PACKAGE "hamsterdb"
| #define VERSION "1.1.4"
| #define STDC_HEADERS 1
| #define HAVE_SYS_TYPES_H 1
| #define HAVE_SYS_STAT_H 1
| #define HAVE_STDLIB_H 1
| #define HAVE_STRING_H 1
| #define HAVE_MEMORY_H 1
| #define HAVE_STRINGS_H 1
| #define HAVE_INTTYPES_H 1
| #define HAVE_STDINT_H 1
| #define HAVE_UNISTD_H 1
| #define HAVE_DLFCN_H 1
| #define LT_OBJDIR ".libs/"
| #define STDC_HEADERS 1
| #define HAVE_MMAP 1
| #define HAVE_MUNMAP 1
| #define HAVE_GETPAGESIZE 1
| #define HAVE_FCNTL_H 1
| #define HAVE_UNISTD_H 1
| #define HAVE_MALLOC_H 1
| /* end confdefs.h.  */
| #include <stdio.h>
| #ifdef HAVE_SYS_TYPES_H
| # include <sys/types.h>
| #endif
| #ifdef HAVE_SYS_STAT_H
| # include <sys/stat.h>
| #endif
| #ifdef STDC_HEADERS
| # include <stdlib.h>
| # include <stddef.h>
| #else
| # ifdef HAVE_STDLIB_H
| #  include <stdlib.h>
| # endif
| #endif
| #ifdef HAVE_STRING_H
| # if !defined STDC_HEADERS && defined HAVE_MEMORY_H
| #  include <memory.h>
| # endif
| # include <string.h>
| #endif
| #ifdef HAVE_STRINGS_H
| # include <strings.h>
| #endif
| #ifdef HAVE_INTTYPES_H
| # include <inttypes.h>
| #endif
| #ifdef HAVE_STDINT_H
| # include <stdint.h>
| #endif
| #ifdef HAVE_UNISTD_H
| # include <unistd.h>
| #endif
| int
| main ()
| {
| if (sizeof ((off_t)))
| 	    return 0;
|   ;
|   return 0;
| }
configure:14971: result: yes
configure:14985: checking for stdlib.h
configure:14985: result: yes
configure:14985: checking for unistd.h
configure:14985: result: yes
configure:14998: checking for getpagesize
configure:14998: result: yes
configure:15007: checking for working mmap
configure:15144: gcc -o conftest -g -O2   conftest.c  >&5
configure:15144: $? = 0
configure:15144: ./conftest
configure:15144: $? = 0
configure:15154: result: yes
configure:15163: checking target system type
configure:15176: result: x86_64-unknown-linux-gnu
configure:15213: checking for pread
configure:15213: gcc -o conftest -g -O2   conftest.c  >&5
configure:15213: $? = 0
configure:15213: result: yes
configure:15213: checking for pwrite
configure:15213: gcc -o conftest -g -O2   conftest.c  >&5
configure:15213: $? = 0
configure:15213: result: yes
configure:15357: checking whether byte ordering is bigendian
configure:15372: gcc -c -g -O3 -Wall  conftest.c >&5
conftest.c:37: error: expected '=', ',', ';', 'asm' or '__attribute__' before 'a'
configure:15372: $? = 1
configure: failed program was:
| /* confdefs.h */
| #define PACKAGE_NAME "hamsterdb"
| #define PACKAGE_TARNAME "hamsterdb"
| #define PACKAGE_VERSION "1.1.4"
| #define PACKAGE_STRING "hamsterdb 1.1.4"
| #define PACKAGE_BUGREPORT ""
| #define PACKAGE_URL ""
| #define PACKAGE "hamsterdb"
| #define VERSION "1.1.4"
| #define STDC_HEADERS 1
| #define HAVE_SYS_TYPES_H 1
| #define HAVE_SYS_STAT_H 1
| #define HAVE_STDLIB_H 1
| #define HAVE_STRING_H 1
| #define HAVE_MEMORY_H 1
| #define HAVE_STRINGS_H 1
| #define HAVE_INTTYPES_H 1
| #define HAVE_STDINT_H 1
| #define HAVE_UNISTD_H 1
| #define HAVE_DLFCN_H 1
| #define LT_OBJDIR ".libs/"
| #define STDC_HEADERS 1
| #define HAVE_MMAP 1
| #define HAVE_MUNMAP 1
| #define HAVE_GETPAGESIZE 1
| #define HAVE_FCNTL_H 1
| #define HAVE_UNISTD_H 1
| #define HAVE_MALLOC_H 1
| #define HAVE_STDLIB_H 1
| #define HAVE_UNISTD_H 1
| #define HAVE_GETPAGESIZE 1
| #define HAVE_MMAP 1
| #define HAVE_PREAD 1
| #define HAVE_PWRITE 1
| /* end confdefs.h.  */
| #ifndef __APPLE_CC__
| 	       not a universal capable compiler
| 	     #endif
| 	     typedef int dummy;
| 
configure:15417: gcc -c -g -O3 -Wall  conftest.c >&5
configure:15417: $? = 0
configure:15435: gcc -c -g -O3 -Wall  conftest.c >&5
conftest.c: In function 'main':
conftest.c:43: error: 'not' undeclared (first use in this function)
conftest.c:43: error: (Each undeclared identifier is reported only once
conftest.c:43: error: for each function it appears in.)
conftest.c:43: error: expected ';' before 'big'
configure:15435: $? = 1
configure: failed program was:
| /* confdefs.h */
| #define PACKAGE_NAME "hamsterdb"
| #define PACKAGE_TARNAME "hamsterdb"
| #define PACKAGE_VERSION "1.1.4"
| #define PACKAGE_STRING "hamsterdb 1.1.4"
| #define PACKAGE_BUGREPORT ""
| #define PACKAGE_URL ""
| #define PACKAGE "hamsterdb"
| #define VERSION "1.1.4"
| #define STDC_HEADERS 1
| #define HAVE_SYS_TYPES_H 1
| #define HAVE_SYS_STAT_H 1
| #define HAVE_STDLIB_H 1
| #define HAVE_STRING_H 1
| #define HAVE_MEMORY_H 1
| #define HAVE_STRINGS_H 1
| #define HAVE_INTTYPES_H 1
| #define HAVE_STDINT_H 1
| #define HAVE_UNISTD_H 1
| #define HAVE_DLFCN_H 1
| #define LT_OBJDIR ".libs/"
| #define STDC_HEADERS 1
| #define HAVE_MMAP 1
| #define HAVE_MUNMAP 1
| #define HAVE_GETPAGESIZE 1
| #define HAVE_FCNTL_H 1
| #define HAVE_UNISTD_H 1
| #define HAVE_MALLOC_H 1
| #define HAVE_STDLIB_H 1
| #define HAVE_UNISTD_H 1
| #define HAVE_GETPAGESIZE 1
| #define HAVE_MMAP 1
| #define HAVE_PREAD 1
| #define HAVE_PWRITE 1
| /* end confdefs.h.  */
| #include <sys/types.h>
| 		#include <sys/param.h>
| 
| int
| main ()
| {
| #if BYTE_ORDER != BIG_ENDIAN
| 		 not big endian
| 		#endif
| 
|   ;
|   return 0;
| }
configure:15563: result: no
configure:15590: checking whether the compiler supports __FUNCTION__ macro
configure:15606: gcc -o conftest -g -O3 -Wall -DHAM_LITTLE_ENDIAN   conftest.c  >&5
conftest.c: In function 'main':
conftest.c:38: warning: initialization discards qualifiers from pointer target type
conftest.c:38: warning: unused variable 'p'
configure:15606: $? = 0
configure:15606: ./conftest
configure:15606: $? = 0
configure:15616: result: yes
configure:15627: checking whether we need -fno-tree-vectorize
configure:15645: gcc -o conftest -g -O3 -Wall -DHAM_LITTLE_ENDIAN   conftest.c  >&5
configure:15645: $? = 0
configure:15645: ./conftest
configure:15645: $? = 0
configure:15655: result: yes
configure:15664: checking for support of the O_LARGEFILE flag
configure:15685: gcc -o conftest -g -O3 -Wall -DHAM_LITTLE_ENDIAN -fno-tree-vectorize   conftest.c  >&5
conftest.c: In function 'main':
conftest.c:44: warning: unused variable 'i'
configure:15685: $? = 0
configure:15685: ./conftest
configure:15685: $? = 0
configure:15695: result: yes
configure:15706: checking for support of the O_NOATIME flag
configure:15727: gcc -o conftest -g -O3 -Wall -DHAM_LITTLE_ENDIAN -fno-tree-vectorize   conftest.c  >&5
conftest.c: In function 'main':
conftest.c:45: warning: unused variable 'i'
configure:15727: $? = 0
configure:15727: ./conftest
configure:15727: $? = 0
configure:15737: result: yes
configure:15898: creating ./config.status

## ---------------------- ##
## Running config.status. ##
## ---------------------- ##

This file was extended by hamsterdb config.status 1.1.4, which was
generated by GNU Autoconf 2.64.  Invocation command line was

  CONFIG_FILES    = 
  CONFIG_HEADERS  = 
  CONFIG_LINKS    = 
  CONFIG_COMMANDS = 
  $ ./config.status 

on server

config.status:1159: creating Makefile
config.status:1159: creating src/Makefile
config.status:1159: creating include/Makefile
config.status:1159: creating include/ham/Makefile
config.status:1159: creating samples/Makefile
config.status:1159: creating unittests/Makefile
config.status:1159: creating 3rdparty/Makefile
config.status:1159: creating 3rdparty/aes/Makefile
config.status:1159: creating 3rdparty/zlib/Makefile
config.status:1159: creating tools/Makefile
config.status:1159: creating config.h
config.status:1331: config.h is unchanged
config.status:1379: executing depfiles commands
config.status:1379: executing libtool commands

## ---------------- ##
## Cache variables. ##
## ---------------- ##

ac_cv_FUNCTION1=yes
ac_cv_FUNCTION2=yes
ac_cv_build=x86_64-unknown-linux-gnu
ac_cv_c_bigendian=no
ac_cv_c_compiler_gnu=yes
ac_cv_c_const=yes
ac_cv_cxx_compiler_gnu=yes
ac_cv_env_CCC_set=
ac_cv_env_CCC_value=
ac_cv_env_CC_set=
ac_cv_env_CC_value=
ac_cv_env_CFLAGS_set=
ac_cv_env_CFLAGS_value=
ac_cv_env_CPPFLAGS_set=
ac_cv_env_CPPFLAGS_value=
ac_cv_env_CPP_set=
ac_cv_env_CPP_value=
ac_cv_env_CXXCPP_set=
ac_cv_env_CXXCPP_value=
ac_cv_env_CXXFLAGS_set=
ac_cv_env_CXXFLAGS_value=
ac_cv_env_CXX_set=
ac_cv_env_CXX_value=
ac_cv_env_LDFLAGS_set=
ac_cv_env_LDFLAGS_value=
ac_cv_env_LIBS_set=
ac_cv_env_LIBS_value=
ac_cv_env_build_alias_set=
ac_cv_env_build_alias_value=
ac_cv_env_host_alias_set=
ac_cv_env_host_alias_value=
ac_cv_env_target_alias_set=
ac_cv_env_target_alias_value=
ac_cv_func_getpagesize=yes
ac_cv_func_mmap=yes
ac_cv_func_mmap_fixed_mapped=yes
ac_cv_func_munmap=yes
ac_cv_func_pread=yes
ac_cv_func_pwrite=yes
ac_cv_header_dlfcn_h=yes
ac_cv_header_fcntl_h=yes
ac_cv_header_inttypes_h=yes
ac_cv_header_malloc_h=yes
ac_cv_header_memory_h=yes
ac_cv_header_stdc=yes
ac_cv_header_stdint_h=yes
ac_cv_header_stdlib_h=yes
ac_cv_header_string_h=yes
ac_cv_header_strings_h=yes
ac_cv_header_sys_stat_h=yes
ac_cv_header_sys_types_h=yes
ac_cv_header_unistd_h=yes
ac_cv_host=x86_64-unknown-linux-gnu
ac_cv_largefile=yes
ac_cv_noatime=yes
ac_cv_objext=o
ac_cv_path_EGREP='/bin/grep -E'
ac_cv_path_FGREP='/bin/grep -F'
ac_cv_path_GREP=/bin/grep
ac_cv_path_SED=/bin/sed
ac_cv_path_install='/usr/bin/install -c'
ac_cv_path_mkdir=/bin/mkdir
ac_cv_prog_AWK=gawk
ac_cv_prog_CPP='gcc -E'
ac_cv_prog_CXXCPP='g++ -E'
ac_cv_prog_ac_ct_AR=ar
ac_cv_prog_ac_ct_CC=gcc
ac_cv_prog_ac_ct_CXX=g++
ac_cv_prog_ac_ct_OBJDUMP=objdump
ac_cv_prog_ac_ct_RANLIB=ranlib
ac_cv_prog_ac_ct_STRIP=strip
ac_cv_prog_cc_c89=
ac_cv_prog_cc_g=yes
ac_cv_prog_cxx_g=yes
ac_cv_prog_make_make_set=yes
ac_cv_target=x86_64-unknown-linux-gnu
ac_cv_type_off_t=yes
ac_cv_type_size_t=yes
am_cv_CC_dependencies_compiler_type=gcc3
am_cv_CXX_dependencies_compiler_type=gcc3
lt_cv_deplibs_check_method=pass_all
lt_cv_file_magic_cmd='$MAGIC_CMD'
lt_cv_file_magic_test_file=
lt_cv_ld_reload_flag=-r
lt_cv_nm_interface='BSD nm'
lt_cv_objdir=.libs
lt_cv_path_LD=/usr/bin/ld
lt_cv_path_LDCXX='/usr/bin/ld -m elf_x86_64'
lt_cv_path_NM='/usr/bin/nm -B'
lt_cv_prog_compiler_c_o=yes
lt_cv_prog_compiler_c_o_CXX=yes
lt_cv_prog_compiler_pic_works=yes
lt_cv_prog_compiler_pic_works_CXX=yes
lt_cv_prog_compiler_rtti_exceptions=no
lt_cv_prog_compiler_static_works=yes
lt_cv_prog_compiler_static_works_CXX=yes
lt_cv_prog_gnu_ld=yes
lt_cv_prog_gnu_ldcxx=yes
lt_cv_sys_global_symbol_pipe='sed -n -e '\''s/^.*[	 ]\([ABCDGIRSTW][ABCDGIRSTW]*\)[	 ][	 ]*\([_A-Za-z][_A-Za-z0-9]*\)$/\1 \2 \2/p'\'''
lt_cv_sys_global_symbol_to_c_name_address='sed -n -e '\''s/^: \([^ ]*\) $/  {\"\1\", (void *) 0},/p'\'' -e '\''s/^[ABCDGIRSTW]* \([^ ]*\) \([^ ]*\)$/  {"\2", (void *) \&\2},/p'\'''
lt_cv_sys_global_symbol_to_c_name_address_lib_prefix='sed -n -e '\''s/^: \([^ ]*\) $/  {\"\1\", (void *) 0},/p'\'' -e '\''s/^[ABCDGIRSTW]* \([^ ]*\) \(lib[^ ]*\)$/  {"\2", (void *) \&\2},/p'\'' -e '\''s/^[ABCDGIRSTW]* \([^ ]*\) \([^ ]*\)$/  {"lib\2", (void *) \&\2},/p'\'''
lt_cv_sys_global_symbol_to_cdecl='sed -n -e '\''s/^T .* \(.*\)$/extern int \1();/p'\'' -e '\''s/^[ABCDGIRSTW]* .* \(.*\)$/extern char \1;/p'\'''
lt_cv_sys_max_cmd_len=1572864

## ----------------- ##
## Output variables. ##
## ----------------- ##

ACLOCAL='${SHELL} /home/miyabi/android-ndk-r5b/samples/Hamster-DB-for-Android/build/scripts/missing --run aclocal-1.11'
AMDEPBACKSLASH='\'
AMDEP_FALSE='#'
AMDEP_TRUE=''
AMTAR='${SHELL} /home/miyabi/android-ndk-r5b/samples/Hamster-DB-for-Android/build/scripts/missing --run tar'
AR='ar'
AS='as'
AUTOCONF='${SHELL} /home/miyabi/android-ndk-r5b/samples/Hamster-DB-for-Android/build/scripts/missing --run autoconf'
AUTOHEADER='${SHELL} /home/miyabi/android-ndk-r5b/samples/Hamster-DB-for-Android/build/scripts/missing --run autoheader'
AUTOMAKE='${SHELL} /home/miyabi/android-ndk-r5b/samples/Hamster-DB-for-Android/build/scripts/missing --run automake-1.11'
AWK='gawk'
CC='gcc'
CCDEPMODE='depmode=gcc3'
CFLAGS='-g -O3 -Wall -DHAM_LITTLE_ENDIAN -fno-tree-vectorize'
CPP='gcc -E'
CPPFLAGS=''
CXX='g++'
CXXCPP='g++ -E'
CXXDEPMODE='depmode=gcc3'
CXXFLAGS='-g -O2'
CYGPATH_W='echo'
DEFS='-DHAVE_CONFIG_H'
DEPDIR='.deps'
DLLTOOL='dlltool'
DSYMUTIL=''
DUMPBIN=''
ECHO_C=''
ECHO_N='-n'
ECHO_T=''
EGREP='/bin/grep -E'
ENABLE_COMPRESSION_FALSE='#'
ENABLE_COMPRESSION_TRUE=''
ENABLE_ENCRYPTION_FALSE='#'
ENABLE_ENCRYPTION_TRUE=''
EXEEXT=''
FGREP='/bin/grep -F'
GREP='/bin/grep'
INSTALL_DATA='${INSTALL} -m 644'
INSTALL_PROGRAM='${INSTALL}'
INSTALL_SCRIPT='${INSTALL}'
INSTALL_STRIP_PROGRAM='$(install_sh) -c -s'
LD='/usr/bin/ld -m elf_x86_64'
LDFLAGS=''
LIBOBJS=''
LIBS=''
LIBTOOL='$(SHELL) $(top_builddir)/libtool'
LIPO=''
LN_S='ln -s'
LTLIBOBJS=''
MAKEINFO='${SHELL} /home/miyabi/android-ndk-r5b/samples/Hamster-DB-for-Android/build/scripts/missing --run makeinfo'
MKDIR_P='/bin/mkdir -p'
NM='/usr/bin/nm -B'
NMEDIT=''
OBJDUMP='objdump'
OBJEXT='o'
OTOOL64=''
OTOOL=''
PACKAGE='hamsterdb'
PACKAGE_BUGREPORT=''
PACKAGE_NAME='hamsterdb'
PACKAGE_STRING='hamsterdb 1.1.4'
PACKAGE_TARNAME='hamsterdb'
PACKAGE_URL=''
PACKAGE_VERSION='1.1.4'
PATH_SEPARATOR=':'
RANLIB='ranlib'
SED='/bin/sed'
SET_MAKE=''
SHELL='/bin/bash'
STRIP='strip'
SYSTEM_ZLIB_FALSE=''
SYSTEM_ZLIB_TRUE='#'
VERSION='1.1.4'
ac_ct_CC='gcc'
ac_ct_CXX='g++'
ac_ct_DUMPBIN=''
am__EXEEXT_FALSE=''
am__EXEEXT_TRUE='#'
am__fastdepCC_FALSE='#'
am__fastdepCC_TRUE=''
am__fastdepCXX_FALSE='#'
am__fastdepCXX_TRUE=''
am__include='include'
am__isrc=''
am__leading_dot='.'
am__quote=''
am__tar='${AMTAR} chof - "$$tardir"'
am__untar='${AMTAR} xf -'
bindir='${exec_prefix}/bin'
build='x86_64-unknown-linux-gnu'
build_alias=''
build_cpu='x86_64'
build_os='linux-gnu'
build_vendor='unknown'
datadir='${datarootdir}'
datarootdir='${prefix}/share'
docdir='${datarootdir}/doc/${PACKAGE_TARNAME}'
dvidir='${docdir}'
exec_prefix='${prefix}'
host='x86_64-unknown-linux-gnu'
host_alias=''
host_cpu='x86_64'
host_os='linux-gnu'
host_vendor='unknown'
htmldir='${docdir}'
includedir='${prefix}/include'
infodir='${datarootdir}/info'
install_sh='${SHELL} /home/miyabi/android-ndk-r5b/samples/Hamster-DB-for-Android/build/scripts/install-sh'
libdir='${exec_prefix}/lib'
libexecdir='${exec_prefix}/libexec'
localedir='${datarootdir}/locale'
localstatedir='${prefix}/var'
lt_ECHO='echo'
mandir='${datarootdir}/man'
mkdir_p='/bin/mkdir -p'
oldincludedir='/usr/include'
pdfdir='${docdir}'
prefix='/usr/local'
program_transform_name='s,x,x,'
psdir='${docdir}'
sbindir='${exec_prefix}/sbin'
sharedstatedir='${prefix}/com'
sysconfdir='${prefix}/etc'
target='x86_64-unknown-linux-gnu'
target_alias=''
target_cpu='x86_64'
target_os='linux-gnu'
target_vendor='unknown'

## ----------- ##
## confdefs.h. ##
## ----------- ##

/* confdefs.h */
#define PACKAGE_NAME "hamsterdb"
#define PACKAGE_TARNAME "hamsterdb"
#define PACKAGE_VERSION "1.1.4"
#define PACKAGE_STRING "hamsterdb 1.1.4"
#define PACKAGE_BUGREPORT ""
#define PACKAGE_URL ""
#define PACKAGE "hamsterdb"
#define VERSION "1.1.4"
#define STDC_HEADERS 1
#define HAVE_SYS_TYPES_H 1
#define HAVE_SYS_STAT_H 1
#define HAVE_STDLIB_H 1
#define HAVE_STRING_H 1
#define HAVE_MEMORY_H 1
#define HAVE_STRINGS_H 1
#define HAVE_INTTYPES_H 1
#define HAVE_STDINT_H 1
#define HAVE_UNISTD_H 1
#define HAVE_DLFCN_H 1
#define LT_OBJDIR ".libs/"
#define STDC_HEADERS 1
#define HAVE_MMAP 1
#define HAVE_MUNMAP 1
#define HAVE_GETPAGESIZE 1
#define HAVE_FCNTL_H 1
#define HAVE_UNISTD_H 1
#define HAVE_MALLOC_H 1
#define HAVE_STDLIB_H 1
#define HAVE_UNISTD_H 1
#define HAVE_GETPAGESIZE 1
#define HAVE_MMAP 1
#define HAVE_PREAD 1
#define HAVE_PWRITE 1
#define HAVE_FUNCTION_MACRO 1
#define HAVE_O_LARGEFILE 1
#define HAVE_O_NOATIME 1

configure: exit 0
